<?xml version="1.0" encoding="UTF-8"?>
<testsuite xmlns:xsi="http://www.w3.org/2001/XMLSchema-instance" xsi:noNamespaceSchemaLocation="https://maven.apache.org/surefire/maven-surefire-plugin/xsd/surefire-test-report-3.0.xsd" version="3.0" name="org.exemple.demo.consumer.AppTest" time="0.02" tests="1" errors="0" skipped="0" failures="0">
  <properties>
    <property name="java.specification.version" value="17"/>
    <property name="sun.jnu.encoding" value="UTF-8"/>
    <property name="java.class.path" value="/home/shermine237/maven-env/projects/multi-model/ticket/ticket-consumer/target/test-classes:/home/shermine237/maven-env/projects/multi-model/ticket/ticket-consumer/target/classes:/home/shermine237/maven-env/projects/multi-model/ticket/$HOME/maven-env/.m2/repository/junit/junit/3.8.1/junit-3.8.1.jar:/home/shermine237/maven-env/projects/multi-model/ticket/ticket-model/target/ticket-model-1.0-SNAPSHOT.jar:"/>
    <property name="java.vm.vendor" value="Oracle Corporation"/>
    <property name="sun.arch.data.model" value="64"/>
    <property name="java.vendor.url" value="https://java.oracle.com/"/>
    <property name="os.name" value="Linux"/>
    <property name="java.vm.specification.version" value="17"/>
    <property name="sun.java.launcher" value="SUN_STANDARD"/>
    <property name="user.country" value="US"/>
    <property name="sun.boot.library.path" value="/home/shermine237/maven-env/java/jdk-17.0.8/lib"/>
    <property name="sun.java.command" value="/home/shermine237/maven-env/projects/multi-model/ticket/ticket-consumer/target/surefire/surefirebooter-20230930054323907_6.jar /home/shermine237/maven-env/projects/multi-model/ticket/ticket-consumer/target/surefire 2023-09-30T05-43-23_194-jvmRun1 surefire-20230930054323907_4tmp surefire_1-20230930054323907_5tmp"/>
    <property name="jdk.debug" value="release"/>
    <property name="surefire.test.class.path" value="/home/shermine237/maven-env/projects/multi-model/ticket/ticket-consumer/target/test-classes:/home/shermine237/maven-env/projects/multi-model/ticket/ticket-consumer/target/classes:/home/shermine237/maven-env/projects/multi-model/ticket/$HOME/maven-env/.m2/repository/junit/junit/3.8.1/junit-3.8.1.jar:/home/shermine237/maven-env/projects/multi-model/ticket/ticket-model/target/ticket-model-1.0-SNAPSHOT.jar:"/>
    <property name="sun.cpu.endian" value="little"/>
    <property name="user.home" value="/home/shermine237"/>
    <property name="user.language" value="en"/>
    <property name="java.specification.vendor" value="Oracle Corporation"/>
    <property name="java.version.date" value="2023-07-18"/>
    <property name="java.home" value="/home/shermine237/maven-env/java/jdk-17.0.8"/>
    <property name="file.separator" value="/"/>
    <property name="basedir" value="/home/shermine237/maven-env/projects/multi-model/ticket/ticket-consumer"/>
    <property name="java.vm.compressedOopsMode" value="32-bit"/>
    <property name="line.separator" value="&#10;"/>
    <property name="java.vm.specification.vendor" value="Oracle Corporation"/>
    <property name="java.specification.name" value="Java Platform API Specification"/>
    <property name="surefire.real.class.path" value="/home/shermine237/maven-env/projects/multi-model/ticket/ticket-consumer/target/surefire/surefirebooter-20230930054323907_6.jar"/>
    <property name="sun.management.compiler" value="HotSpot 64-Bit Tiered Compilers"/>
    <property name="java.runtime.version" value="17.0.8+9-LTS-211"/>
    <property name="user.name" value="shermine237"/>
    <property name="path.separator" value=":"/>
    <property name="os.version" value="5.15.90.1-microsoft-standard-WSL2"/>
    <property name="java.runtime.name" value="Java(TM) SE Runtime Environment"/>
    <property name="file.encoding" value="UTF-8"/>
    <property name="java.vm.name" value="Java HotSpot(TM) 64-Bit Server VM"/>
    <property name="localRepository" value="/home/shermine237/maven-env/projects/multi-model/ticket/$HOME/maven-env/.m2/repository"/>
    <property name="java.vendor.url.bug" value="https://bugreport.java.com/bugreport/"/>
    <property name="java.io.tmpdir" value="/tmp"/>
    <property name="java.version" value="17.0.8"/>
    <property name="user.dir" value="/home/shermine237/maven-env/projects/multi-model/ticket/ticket-consumer"/>
    <property name="os.arch" value="amd64"/>
    <property name="java.vm.specification.name" value="Java Virtual Machine Specification"/>
    <property name="native.encoding" value="UTF-8"/>
    <property name="java.library.path" value="/usr/java/packages/lib:/usr/lib64:/lib64:/lib:/usr/lib"/>
    <property name="java.vm.info" value="mixed mode, sharing"/>
    <property name="java.vendor" value="Oracle Corporation"/>
    <property name="java.vm.version" value="17.0.8+9-LTS-211"/>
    <property name="sun.io.unicode.encoding" value="UnicodeLittle"/>
    <property name="java.class.version" value="61.0"/>
  </properties>
  <testcase name="testApp" classname="org.exemple.demo.consumer.AppTest" time="0.001"/>
</testsuite>